<?xml version="1.0" encoding="UTF-8"?>
<testsuite xmlns:xsi="http://www.w3.org/2001/XMLSchema-instance" xsi:noNamespaceSchemaLocation="https://maven.apache.org/surefire/maven-surefire-plugin/xsd/surefire-test-report.xsd" name="com.sxy.zongce.service.impl.StudentServiceImplTest" time="0.147" tests="9" errors="0" skipped="0" failures="0">
  <properties>
[...]
</properties>
  <testcase name="updatePwd" classname="com.sxy.zongce.service.impl.StudentServiceImplTest" time="0.023"/>
  <testcase name="findStuByAdmin" classname="com.sxy.zongce.service.impl.StudentServiceImplTest" time="0.015"/>
  <testcase name="findStuInfo" classname="com.sxy.zongce.service.impl.StudentServiceImplTest" time="0.005"/>
  <testcase name="getStuName" classname="com.sxy.zongce.service.impl.StudentServiceImplTest" time="0.006"/>
  <testcase name="findStuByMenter" classname="com.sxy.zongce.service.impl.StudentServiceImplTest" time="0.01"/>
  <testcase name="findPwdById" classname="com.sxy.zongce.service.impl.StudentServiceImplTest" time="0.005"/>
  <testcase name="searchStuByMenter" classname="com.sxy.zongce.service.impl.StudentServiceImplTest" time="0.011"/>
  <testcase name="searchStuByAdmin" classname="com.sxy.zongce.service.impl.StudentServiceImplTest" time="0.01"/>
  <testcase name="isExist" classname="com.sxy.zongce.service.impl.StudentServiceImplTest" time="0.006"/>
</testsuite>